<?xml version="1.0" encoding="UTF-8"?>
<testng-results ignored="0" total="1" passed="1" failed="0" skipped="0">
  <reporter-output>
  </reporter-output>
  <suite started-at="2024-11-30T16:28:18 IST" name="Default suite" finished-at="2024-11-30T16:28:26 IST" duration-ms="7748">
    <groups>
    </groups>
    <test started-at="2024-11-30T16:28:18 IST" name="Default test" finished-at="2024-11-30T16:28:26 IST" duration-ms="7748">
      <class name="Tests.LoginPageValidation">
        <test-method is-config="true" signature="invokeBrowser()[pri:0, instance:Tests.LoginPageValidation@1aafa419]" started-at="2024-11-30T16:28:19 IST" name="invokeBrowser" finished-at="2024-11-30T16:28:26 IST" duration-ms="7247" status="PASS">
          <reporter-output>
          </reporter-output>
        </test-method> <!-- invokeBrowser -->
        <test-method signature="validationOfError()[pri:0, instance:Tests.LoginPageValidation@1aafa419]" started-at="2024-11-30T16:28:26 IST" name="validationOfError" finished-at="2024-11-30T16:28:26 IST" duration-ms="21" status="PASS">
          <reporter-output>
          </reporter-output>
        </test-method> <!-- validationOfError -->
        <test-method is-config="true" signature="closeBrowser()[pri:0, instance:Tests.LoginPageValidation@1aafa419]" started-at="2024-11-30T16:28:26 IST" name="closeBrowser" finished-at="2024-11-30T16:28:26 IST" duration-ms="346" status="PASS">
          <reporter-output>
          </reporter-output>
        </test-method> <!-- closeBrowser -->
      </class> <!-- Tests.LoginPageValidation -->
    </test> <!-- Default test -->
  </suite> <!-- Default suite -->
</testng-results>
